#
# There is insufficient memory for the Java Runtime Environment to continue.
# Native memory allocation (malloc) failed to allocate 86507520 bytes for committing reserved memory.
# Possible reasons:
#   The system is out of physical RAM or swap space
#   In 32 bit mode, the process size limit was hit
# Possible solutions:
#   Reduce memory load on the system
#   Increase physical memory or swap space
#   Check if swap backing store is full
#   Use 64 bit Java on a 64 bit OS
#   Decrease Java heap size (-Xmx/-Xms)
#   Decrease number of Java threads
#   Decrease Java thread stack sizes (-Xss)
#   Set larger code cache with -XX:ReservedCodeCacheSize=
# This output file may be truncated or incomplete.
#
#  Out of Memory Error (os_linux.cpp:2756), pid=7186, tid=139904827901696
#
# JRE version:  (7.0_72-b14) (build )
# Java VM: Java HotSpot(TM) 64-Bit Server VM (24.72-b04 mixed mode linux-amd64 compressed oops)
# Failed to write core dump. Core dumps have been disabled. To enable core dumping, try "ulimit -c unlimited" before starting Java again
#

---------------  T H R E A D  ---------------

Current thread (0x00007f3e1800a000):  JavaThread "Unknown thread" [_thread_in_vm, id=7194, stack(0x00007f3e2181c000,0x00007f3e2191d000)]

Stack: [0x00007f3e2181c000,0x00007f3e2191d000],  sp=0x00007f3e2191b200,  free space=1020k
Native frames: (J=compiled Java code, j=interpreted, Vv=VM code, C=native code)
V  [libjvm.so+0x9a10fa]  VMError::report_and_die()+0x2ea
V  [libjvm.so+0x49755b]  report_vm_out_of_memory(char const*, int, unsigned long, char const*)+0x9b
V  [libjvm.so+0x81ec4e]  os::Linux::commit_memory_impl(char*, unsigned long, bool)+0xfe
V  [libjvm.so+0x81f199]  os::pd_commit_memory(char*, unsigned long, unsigned long, bool)+0x29
V  [libjvm.so+0x818f2a]  os::commit_memory(char*, unsigned long, unsigned long, bool)+0x2a
V  [libjvm.so+0x88ba53]  PSVirtualSpace::expand_by(unsigned long)+0x53
V  [libjvm.so+0x87a6e3]  PSOldGen::initialize(ReservedSpace, unsigned long, char const*, int)+0x103
V  [libjvm.so+0x29a593]  AdjoiningGenerations::AdjoiningGenerations(ReservedSpace, unsigned long, unsigned long, unsigned long, unsigned long, unsigned long, unsigned long, unsigned long)+0x3e3
V  [libjvm.so+0x83fa95]  ParallelScavengeHeap::initialize()+0x4d5
V  [libjvm.so+0x9730ba]  Universe::initialize_heap()+0xca
V  [libjvm.so+0x974289]  universe_init()+0x79
V  [libjvm.so+0x5b0f85]  init_globals()+0x65
V  [libjvm.so+0x95bbdd]  Threads::create_vm(JavaVMInitArgs*, bool*)+0x1ed
V  [libjvm.so+0x639234]  JNI_CreateJavaVM+0x74
C  [libjli.so+0x2f8e]  JavaMain+0x9e


---------------  P R O C E S S  ---------------

Java Threads: ( => current thread )

Other Threads:

=>0x00007f3e1800a000 (exited) JavaThread "Unknown thread" [_thread_in_vm, id=7194, stack(0x00007f3e2181c000,0x00007f3e2191d000)]

VM state:not at safepoint (not fully initialized)

VM Mutex/Monitor currently owned by a thread: None

GC Heap History (0 events):
No events

Deoptimization events (0 events):
No events

Internal exceptions (0 events):
No events

Events (0 events):
No events


Dynamic libraries:
00400000-00401000 r-xp 00000000 08:03 2899384                            /usr/lib/jvm/java-7-oracle/jre/bin/java
00600000-00601000 rw-p 00000000 08:03 2899384                            /usr/lib/jvm/java-7-oracle/jre/bin/java
01de6000-01e07000 rw-p 00000000 00:00 0                                  [heap]
bae00000-c0000000 rw-p 00000000 00:00 0 
c5280000-eaa80000 rw-p 00000000 00:00 0 
eaa80000-ed400000 rw-p 00000000 00:00 0 
ed400000-100000000 rw-p 00000000 00:00 0 
7f3e15000000-7f3e15270000 rwxp 00000000 00:00 0 
7f3e15270000-7f3e18025000 rw-p 00000000 00:00 0 
7f3e18025000-7f3e1c000000 ---p 00000000 00:00 0 
7f3e1e6aa000-7f3e1e8f1000 rw-p 00000000 00:00 0 
7f3e1e8f1000-7f3e1ea6f000 rw-p 00000000 00:00 0 
7f3e1ea6f000-7f3e1ea84000 rw-p 00000000 00:00 0 
7f3e1ea84000-7f3e1eb1a000 rw-p 00000000 00:00 0 
7f3e1eb1a000-7f3e1eb1b000 rw-p 00000000 00:00 0 
7f3e1eb1b000-7f3e1eb35000 r-xp 00000000 08:03 3159123                    /usr/lib/jvm/java-7-oracle/jre/lib/amd64/libzip.so
7f3e1eb35000-7f3e1ed35000 ---p 0001a000 08:03 3159123                    /usr/lib/jvm/java-7-oracle/jre/lib/amd64/libzip.so
7f3e1ed35000-7f3e1ed36000 rw-p 0001a000 08:03 3159123                    /usr/lib/jvm/java-7-oracle/jre/lib/amd64/libzip.so
7f3e1ed36000-7f3e1ed42000 r-xp 00000000 08:03 2491274                    /lib/x86_64-linux-gnu/libnss_files-2.15.so
7f3e1ed42000-7f3e1ef41000 ---p 0000c000 08:03 2491274                    /lib/x86_64-linux-gnu/libnss_files-2.15.so
7f3e1ef41000-7f3e1ef42000 r--p 0000b000 08:03 2491274                    /lib/x86_64-linux-gnu/libnss_files-2.15.so
7f3e1ef42000-7f3e1ef43000 rw-p 0000c000 08:03 2491274                    /lib/x86_64-linux-gnu/libnss_files-2.15.so
7f3e1ef43000-7f3e1ef4d000 r-xp 00000000 08:03 2491279                    /lib/x86_64-linux-gnu/libnss_nis-2.15.so
7f3e1ef4d000-7f3e1f14d000 ---p 0000a000 08:03 2491279                    /lib/x86_64-linux-gnu/libnss_nis-2.15.so
7f3e1f14d000-7f3e1f14e000 r--p 0000a000 08:03 2491279                    /lib/x86_64-linux-gnu/libnss_nis-2.15.so
7f3e1f14e000-7f3e1f14f000 rw-p 0000b000 08:03 2491279                    /lib/x86_64-linux-gnu/libnss_nis-2.15.so
7f3e1f14f000-7f3e1f166000 r-xp 00000000 08:03 2494306                    /lib/x86_64-linux-gnu/libnsl-2.15.so
7f3e1f166000-7f3e1f365000 ---p 00017000 08:03 2494306                    /lib/x86_64-linux-gnu/libnsl-2.15.so
7f3e1f365000-7f3e1f366000 r--p 00016000 08:03 2494306                    /lib/x86_64-linux-gnu/libnsl-2.15.so
7f3e1f366000-7f3e1f367000 rw-p 00017000 08:03 2494306                    /lib/x86_64-linux-gnu/libnsl-2.15.so
7f3e1f367000-7f3e1f369000 rw-p 00000000 00:00 0 
7f3e1f369000-7f3e1f371000 r-xp 00000000 08:03 2491272                    /lib/x86_64-linux-gnu/libnss_compat-2.15.so
7f3e1f371000-7f3e1f570000 ---p 00008000 08:03 2491272                    /lib/x86_64-linux-gnu/libnss_compat-2.15.so
7f3e1f570000-7f3e1f571000 r--p 00007000 08:03 2491272                    /lib/x86_64-linux-gnu/libnss_compat-2.15.so
7f3e1f571000-7f3e1f572000 rw-p 00008000 08:03 2491272                    /lib/x86_64-linux-gnu/libnss_compat-2.15.so
7f3e1f572000-7f3e1f59b000 r-xp 00000000 08:03 3159129                    /usr/lib/jvm/java-7-oracle/jre/lib/amd64/libjava.so
7f3e1f59b000-7f3e1f79b000 ---p 00029000 08:03 3159129                    /usr/lib/jvm/java-7-oracle/jre/lib/amd64/libjava.so
7f3e1f79b000-7f3e1f79d000 rw-p 00029000 08:03 3159129                    /usr/lib/jvm/java-7-oracle/jre/lib/amd64/libjava.so
7f3e1f79d000-7f3e1f7aa000 r-xp 00000000 08:03 3159111                    /usr/lib/jvm/java-7-oracle/jre/lib/amd64/libverify.so
7f3e1f7aa000-7f3e1f9a9000 ---p 0000d000 08:03 3159111                    /usr/lib/jvm/java-7-oracle/jre/lib/amd64/libverify.so
7f3e1f9a9000-7f3e1f9ab000 rw-p 0000c000 08:03 3159111                    /usr/lib/jvm/java-7-oracle/jre/lib/amd64/libverify.so
7f3e1f9ab000-7f3e1f9b2000 r-xp 00000000 08:03 2491277                    /lib/x86_64-linux-gnu/librt-2.15.so
7f3e1f9b2000-7f3e1fbb1000 ---p 00007000 08:03 2491277                    /lib/x86_64-linux-gnu/librt-2.15.so
7f3e1fbb1000-7f3e1fbb2000 r--p 00006000 08:03 2491277                    /lib/x86_64-linux-gnu/librt-2.15.so
7f3e1fbb2000-7f3e1fbb3000 rw-p 00007000 08:03 2491277                    /lib/x86_64-linux-gnu/librt-2.15.so
7f3e1fbb3000-7f3e1fcae000 r-xp 00000000 08:03 2491282                    /lib/x86_64-linux-gnu/libm-2.15.so
7f3e1fcae000-7f3e1fead000 ---p 000fb000 08:03 2491282                    /lib/x86_64-linux-gnu/libm-2.15.so
7f3e1fead000-7f3e1feae000 r--p 000fa000 08:03 2491282                    /lib/x86_64-linux-gnu/libm-2.15.so
7f3e1feae000-7f3e1feaf000 rw-p 000fb000 08:03 2491282                    /lib/x86_64-linux-gnu/libm-2.15.so
7f3e1feaf000-7f3e20a22000 r-xp 00000000 08:03 3809526                    /usr/lib/jvm/java-7-oracle/jre/lib/amd64/server/libjvm.so
7f3e20a22000-7f3e20c21000 ---p 00b73000 08:03 3809526                    /usr/lib/jvm/java-7-oracle/jre/lib/amd64/server/libjvm.so
7f3e20c21000-7f3e20ce5000 rw-p 00b72000 08:03 3809526                    /usr/lib/jvm/java-7-oracle/jre/lib/amd64/server/libjvm.so
7f3e20ce5000-7f3e20d26000 rw-p 00000000 00:00 0 
7f3e20d26000-7f3e20edb000 r-xp 00000000 08:03 2491270                    /lib/x86_64-linux-gnu/libc-2.15.so
7f3e20edb000-7f3e210da000 ---p 001b5000 08:03 2491270                    /lib/x86_64-linux-gnu/libc-2.15.so
7f3e210da000-7f3e210de000 r--p 001b4000 08:03 2491270                    /lib/x86_64-linux-gnu/libc-2.15.so
7f3e210de000-7f3e210e0000 rw-p 001b8000 08:03 2491270                    /lib/x86_64-linux-gnu/libc-2.15.so
7f3e210e0000-7f3e210e5000 rw-p 00000000 00:00 0 
7f3e210e5000-7f3e210e7000 r-xp 00000000 08:03 2494301                    /lib/x86_64-linux-gnu/libdl-2.15.so
7f3e210e7000-7f3e212e7000 ---p 00002000 08:03 2494301                    /lib/x86_64-linux-gnu/libdl-2.15.so
7f3e212e7000-7f3e212e8000 r--p 00002000 08:03 2494301                    /lib/x86_64-linux-gnu/libdl-2.15.so
7f3e212e8000-7f3e212e9000 rw-p 00003000 08:03 2494301                    /lib/x86_64-linux-gnu/libdl-2.15.so
7f3e212e9000-7f3e212ff000 r-xp 00000000 08:03 3809522                    /usr/lib/jvm/java-7-oracle/jre/lib/amd64/jli/libjli.so
7f3e212ff000-7f3e214ff000 ---p 00016000 08:03 3809522                    /usr/lib/jvm/java-7-oracle/jre/lib/amd64/jli/libjli.so
7f3e214ff000-7f3e21500000 rw-p 00016000 08:03 3809522                    /usr/lib/jvm/java-7-oracle/jre/lib/amd64/jli/libjli.so
7f3e21500000-7f3e21518000 r-xp 00000000 08:03 2491280                    /lib/x86_64-linux-gnu/libpthread-2.15.so
7f3e21518000-7f3e21717000 ---p 00018000 08:03 2491280                    /lib/x86_64-linux-gnu/libpthread-2.15.so
7f3e21717000-7f3e21718000 r--p 00017000 08:03 2491280                    /lib/x86_64-linux-gnu/libpthread-2.15.so
7f3e21718000-7f3e21719000 rw-p 00018000 08:03 2491280                    /lib/x86_64-linux-gnu/libpthread-2.15.so
7f3e21719000-7f3e2171d000 rw-p 00000000 00:00 0 
7f3e2171d000-7f3e2173f000 r-xp 00000000 08:03 2491283                    /lib/x86_64-linux-gnu/ld-2.15.so
7f3e2175c000-7f3e21766000 rw-p 00000000 00:00 0 
7f3e21766000-7f3e2181c000 rw-p 00000000 00:00 0 
7f3e2181c000-7f3e2181f000 ---p 00000000 00:00 0 
7f3e2181f000-7f3e21921000 rw-p 00000000 00:00 0                          [stack:7194]
7f3e21931000-7f3e21933000 rw-p 00000000 00:00 0 
7f3e21933000-7f3e2193b000 rw-s 00000000 08:03 3159897                    /tmp/hsperfdata_james/7186
7f3e2193b000-7f3e2193c000 rw-p 00000000 00:00 0 
7f3e2193c000-7f3e2193d000 r--p 00000000 00:00 0 
7f3e2193d000-7f3e2193f000 rw-p 00000000 00:00 0 
7f3e2193f000-7f3e21940000 r--p 00022000 08:03 2491283                    /lib/x86_64-linux-gnu/ld-2.15.so
7f3e21940000-7f3e21942000 rw-p 00023000 08:03 2491283                    /lib/x86_64-linux-gnu/ld-2.15.so
7ffff3b6e000-7ffff3b8f000 rw-p 00000000 00:00 0                          [stack]
7ffff3bdb000-7ffff3bdd000 r-xp 00000000 00:00 0                          [vdso]
ffffffffff600000-ffffffffff601000 r-xp 00000000 00:00 0                  [vsyscall]

VM Arguments:
jvm_args: -Xmx1024M 
java_command: /opt/android-studio/sdk/build-tools/android-4.4W/lib/dx.jar --dex --num-threads=4 --output /home/james/AndroidStudioProjects/HatApp/Hat/app/build/intermediates/dex/debug /home/james/AndroidStudioProjects/HatApp/Hat/app/build/intermediates/classes/debug /home/james/AndroidStudioProjects/HatApp/Hat/app/build/intermediates/dependency-cache/debug
Launcher Type: SUN_STANDARD

Environment Variables:
CLASSPATH=/opt/android-studio/bin/../lib/bootstrap.jar:/opt/android-studio/bin/../lib/extensions.jar:/opt/android-studio/bin/../lib/util.jar:/opt/android-studio/bin/../lib/jdom.jar:/opt/android-studio/bin/../lib/log4j.jar:/opt/android-studio/bin/../lib/trove4j.jar:/opt/android-studio/bin/../lib/jna.jar:/usr/lib/jvm/java-7-oracle/lib/tools.jar
PATH=/usr/lib/lightdm/lightdm:/usr/local/sbin:/usr/local/bin:/usr/sbin:/usr/bin:/sbin:/bin:/usr/games
LD_LIBRARY_PATH=/opt/android-studio/bin:
SHELL=/bin/bash
DISPLAY=:0.0

Signal Handlers:
SIGSEGV: [libjvm.so+0x9a1a10], sa_mask[0]=0x7ffbfeff, sa_flags=0x10000004
SIGBUS: [libjvm.so+0x9a1a10], sa_mask[0]=0x7ffbfeff, sa_flags=0x10000004
SIGFPE: [libjvm.so+0x81bae0], sa_mask[0]=0x7ffbfeff, sa_flags=0x10000004
SIGPIPE: [libjvm.so+0x81bae0], sa_mask[0]=0x7ffbfeff, sa_flags=0x10000004
SIGXFSZ: [libjvm.so+0x81bae0], sa_mask[0]=0x7ffbfeff, sa_flags=0x10000004
SIGILL: [libjvm.so+0x81bae0], sa_mask[0]=0x7ffbfeff, sa_flags=0x10000004
SIGUSR1: SIG_DFL, sa_mask[0]=0x00000000, sa_flags=0x00000000
SIGUSR2: [libjvm.so+0x81d2e0], sa_mask[0]=0x00000004, sa_flags=0x10000004
SIGHUP: SIG_DFL, sa_mask[0]=0x00000000, sa_flags=0x00000000
SIGINT: SIG_DFL, sa_mask[0]=0x00000000, sa_flags=0x00000000
SIGTERM: SIG_DFL, sa_mask[0]=0x00000000, sa_flags=0x00000000
SIGQUIT: SIG_DFL, sa_mask[0]=0x00000000, sa_flags=0x00000000


---------------  S Y S T E M  ---------------

OS:wheezy/sid

uname:Linux 3.13.0-37-generic #64~precise1-Ubuntu SMP Wed Sep 24 21:37:11 UTC 2014 x86_64
libc:glibc 2.15 NPTL 2.15 
rlimit: STACK 8192k, CORE 0k, NPROC 63248, NOFILE 4096, AS infinity
load average:0.35 0.54 0.87

/proc/meminfo:
MemTotal:        8116836 kB
MemFree:          119988 kB
Buffers:            2444 kB
Cached:           182556 kB
SwapCached:            0 kB
Active:          7532268 kB
Inactive:         143200 kB
Active(anon):    7491664 kB
Inactive(anon):   103216 kB
Active(file):      40604 kB
Inactive(file):    39984 kB
Unevictable:         124 kB
Mlocked:             124 kB
SwapTotal:             0 kB
SwapFree:              0 kB
Dirty:               556 kB
Writeback:             0 kB
AnonPages:       7490732 kB
Mapped:           194208 kB
Shmem:            104280 kB
Slab:              66308 kB
SReclaimable:      22984 kB
SUnreclaim:        43324 kB
KernelStack:        7352 kB
PageTables:        75640 kB
NFS_Unstable:          0 kB
Bounce:                0 kB
WritebackTmp:          0 kB
CommitLimit:     4058416 kB
Committed_AS:   13904776 kB
VmallocTotal:   34359738367 kB
VmallocUsed:      119396 kB
VmallocChunk:   34359604732 kB
HardwareCorrupted:     0 kB
AnonHugePages:   3835904 kB
HugePages_Total:       0
HugePages_Free:        0
HugePages_Rsvd:        0
HugePages_Surp:        0
Hugepagesize:       2048 kB
DirectMap4k:      298804 kB
DirectMap2M:     8030208 kB


CPU:total 4 (2 cores per cpu, 2 threads per core) family 6 model 58 stepping 9, cmov, cx8, fxsr, mmx, sse, sse2, sse3, ssse3, sse4.1, sse4.2, popcnt, avx, aes, erms, ht, tsc, tscinvbit, tscinv

/proc/cpuinfo:
processor	: 0
vendor_id	: GenuineIntel
cpu family	: 6
model		: 58
model name	: Intel(R) Core(TM) i7-3540M CPU @ 3.00GHz
stepping	: 9
microcode	: 0x15
cpu MHz		: 3001.000
cache size	: 4096 KB
physical id	: 0
siblings	: 4
core id		: 0
cpu cores	: 2
apicid		: 0
initial apicid	: 0
fpu		: yes
fpu_exception	: yes
cpuid level	: 13
wp		: yes
flags		: fpu vme de pse tsc msr pae mce cx8 apic sep mtrr pge mca cmov pat pse36 clflush dts acpi mmx fxsr sse sse2 ss ht tm pbe syscall nx rdtscp lm constant_tsc arch_perfmon pebs bts rep_good nopl xtopology nonstop_tsc aperfmperf eagerfpu pni pclmulqdq dtes64 monitor ds_cpl vmx smx est tm2 ssse3 cx16 xtpr pdcm pcid sse4_1 sse4_2 x2apic popcnt tsc_deadline_timer aes xsave avx f16c rdrand lahf_lm ida arat epb xsaveopt pln pts dtherm tpr_shadow vnmi flexpriority ept vpid fsgsbase smep erms
bogomips	: 5980.71
clflush size	: 64
cache_alignment	: 64
address sizes	: 36 bits physical, 48 bits virtual
power management:

processor	: 1
vendor_id	: GenuineIntel
cpu family	: 6
model		: 58
model name	: Intel(R) Core(TM) i7-3540M CPU @ 3.00GHz
stepping	: 9
microcode	: 0x15
cpu MHz		: 1200.000
cache size	: 4096 KB
physical id	: 0
siblings	: 4
core id		: 1
cpu cores	: 2
apicid		: 2
initial apicid	: 2
fpu		: yes
fpu_exception	: yes
cpuid level	: 13
wp		: yes
flags		: fpu vme de pse tsc msr pae mce cx8 apic sep mtrr pge mca cmov pat pse36 clflush dts acpi mmx fxsr sse sse2 ss ht tm pbe syscall nx rdtscp lm constant_tsc arch_perfmon pebs bts rep_good nopl xtopology nonstop_tsc aperfmperf eagerfpu pni pclmulqdq dtes64 monitor ds_cpl vmx smx est tm2 ssse3 cx16 xtpr pdcm pcid sse4_1 sse4_2 x2apic popcnt tsc_deadline_timer aes xsave avx f16c rdrand lahf_lm ida arat epb xsaveopt pln pts dtherm tpr_shadow vnmi flexpriority ept vpid fsgsbase smep erms
bogomips	: 5980.71
clflush size	: 64
cache_alignment	: 64
address sizes	: 36 bits physical, 48 bits virtual
power management:

processor	: 2
vendor_id	: GenuineIntel
cpu family	: 6
model		: 58
model name	: Intel(R) Core(TM) i7-3540M CPU @ 3.00GHz
stepping	: 9
microcode	: 0x15
cpu MHz		: 2400.000
cache size	: 4096 KB
physical id	: 0
siblings	: 4
core id		: 0
cpu cores	: 2
apicid		: 1
initial apicid	: 1
fpu		: yes
fpu_exception	: yes
cpuid level	: 13
wp		: yes
flags		: fpu vme de pse tsc msr pae mce cx8 apic sep mtrr pge mca cmov pat pse36 clflush dts acpi mmx fxsr sse sse2 ss ht tm pbe syscall nx rdtscp lm constant_tsc arch_perfmon pebs bts rep_good nopl xtopology nonstop_tsc aperfmperf eagerfpu pni pclmulqdq dtes64 monitor ds_cpl vmx smx est tm2 ssse3 cx16 xtpr pdcm pcid sse4_1 sse4_2 x2apic popcnt tsc_deadline_timer aes xsave avx f16c rdrand lahf_lm ida arat epb xsaveopt pln pts dtherm tpr_shadow vnmi flexpriority ept vpid fsgsbase smep erms
bogomips	: 5980.71
clflush size	: 64
cache_alignment	: 64
address sizes	: 36 bits physical, 48 bits virtual
power management:

processor	: 3
vendor_id	: GenuineIntel
cpu family	: 6
model		: 58
model name	: Intel(R) Core(TM) i7-3540M CPU @ 3.00GHz
stepping	: 9
microcode	: 0x15
cpu MHz		: 1200.000
cache size	: 4096 KB
physical id	: 0
siblings	: 4
core id		: 1
cpu cores	: 2
apicid		: 3
initial apicid	: 3
fpu		: yes
fpu_exception	: yes
cpuid level	: 13
wp		: yes
flags		: fpu vme de pse tsc msr pae mce cx8 apic sep mtrr pge mca cmov pat pse36 clflush dts acpi mmx fxsr sse sse2 ss ht tm pbe syscall nx rdtscp lm constant_tsc arch_perfmon pebs bts rep_good nopl xtopology nonstop_tsc aperfmperf eagerfpu pni pclmulqdq dtes64 monitor ds_cpl vmx smx est tm2 ssse3 cx16 xtpr pdcm pcid sse4_1 sse4_2 x2apic popcnt tsc_deadline_timer aes xsave avx f16c rdrand lahf_lm ida arat epb xsaveopt pln pts dtherm tpr_shadow vnmi flexpriority ept vpid fsgsbase smep erms
bogomips	: 5980.71
clflush size	: 64
cache_alignment	: 64
address sizes	: 36 bits physical, 48 bits virtual
power management:



Memory: 4k page, physical 8116836k(119988k free), swap 0k(0k free)

vm_info: Java HotSpot(TM) 64-Bit Server VM (24.72-b04) for linux-amd64 JRE (1.7.0_72-b14), built on Sep 26 2014 18:20:41 by "java_re" with gcc 4.3.0 20080428 (Red Hat 4.3.0-8)

time: Wed Oct 22 17:34:01 2014
elapsed time: 0 seconds

