#
# There is insufficient memory for the Java Runtime Environment to continue.
# Native memory allocation (malloc) failed to allocate 86507520 bytes for committing reserved memory.
# Possible reasons:
#   The system is out of physical RAM or swap space
#   In 32 bit mode, the process size limit was hit
# Possible solutions:
#   Reduce memory load on the system
#   Increase physical memory or swap space
#   Check if swap backing store is full
#   Use 64 bit Java on a 64 bit OS
#   Decrease Java heap size (-Xmx/-Xms)
#   Decrease number of Java threads
#   Decrease Java thread stack sizes (-Xss)
#   Set larger code cache with -XX:ReservedCodeCacheSize=
# This output file may be truncated or incomplete.
#
#  Out of Memory Error (os_linux.cpp:2756), pid=7163, tid=140304786188032
#
# JRE version:  (7.0_72-b14) (build )
# Java VM: Java HotSpot(TM) 64-Bit Server VM (24.72-b04 mixed mode linux-amd64 compressed oops)
# Failed to write core dump. Core dumps have been disabled. To enable core dumping, try "ulimit -c unlimited" before starting Java again
#

---------------  T H R E A D  ---------------

Current thread (0x00007f9b3800a000):  JavaThread "Unknown thread" [_thread_in_vm, id=7172, stack(0x00007f9b40e0e000,0x00007f9b40f0f000)]

Stack: [0x00007f9b40e0e000,0x00007f9b40f0f000],  sp=0x00007f9b40f0d200,  free space=1020k
Native frames: (J=compiled Java code, j=interpreted, Vv=VM code, C=native code)
V  [libjvm.so+0x9a10fa]  VMError::report_and_die()+0x2ea
V  [libjvm.so+0x49755b]  report_vm_out_of_memory(char const*, int, unsigned long, char const*)+0x9b
V  [libjvm.so+0x81ec4e]  os::Linux::commit_memory_impl(char*, unsigned long, bool)+0xfe
V  [libjvm.so+0x81f199]  os::pd_commit_memory(char*, unsigned long, unsigned long, bool)+0x29
V  [libjvm.so+0x818f2a]  os::commit_memory(char*, unsigned long, unsigned long, bool)+0x2a
V  [libjvm.so+0x88ba53]  PSVirtualSpace::expand_by(unsigned long)+0x53
V  [libjvm.so+0x87a6e3]  PSOldGen::initialize(ReservedSpace, unsigned long, char const*, int)+0x103
V  [libjvm.so+0x29a593]  AdjoiningGenerations::AdjoiningGenerations(ReservedSpace, unsigned long, unsigned long, unsigned long, unsigned long, unsigned long, unsigned long, unsigned long)+0x3e3
V  [libjvm.so+0x83fa95]  ParallelScavengeHeap::initialize()+0x4d5
V  [libjvm.so+0x9730ba]  Universe::initialize_heap()+0xca
V  [libjvm.so+0x974289]  universe_init()+0x79
V  [libjvm.so+0x5b0f85]  init_globals()+0x65
V  [libjvm.so+0x95bbdd]  Threads::create_vm(JavaVMInitArgs*, bool*)+0x1ed
V  [libjvm.so+0x639234]  JNI_CreateJavaVM+0x74
C  [libjli.so+0x2f8e]  JavaMain+0x9e


---------------  P R O C E S S  ---------------

Java Threads: ( => current thread )

Other Threads:

=>0x00007f9b3800a000 (exited) JavaThread "Unknown thread" [_thread_in_vm, id=7172, stack(0x00007f9b40e0e000,0x00007f9b40f0f000)]

VM state:not at safepoint (not fully initialized)

VM Mutex/Monitor currently owned by a thread: None

GC Heap History (0 events):
No events

Deoptimization events (0 events):
No events

Internal exceptions (0 events):
No events

Events (0 events):
No events


Dynamic libraries:
00400000-00401000 r-xp 00000000 08:03 2899384                            /usr/lib/jvm/java-7-oracle/jre/bin/java
00600000-00601000 rw-p 00000000 08:03 2899384                            /usr/lib/jvm/java-7-oracle/jre/bin/java
01e36000-01e57000 rw-p 00000000 00:00 0                                  [heap]
bae00000-c0000000 rw-p 00000000 00:00 0 
c5280000-eaa80000 rw-p 00000000 00:00 0 
eaa80000-ed400000 rw-p 00000000 00:00 0 
ed400000-100000000 rw-p 00000000 00:00 0 
7f9b35000000-7f9b35270000 rwxp 00000000 00:00 0 
7f9b35270000-7f9b38025000 rw-p 00000000 00:00 0 
7f9b38025000-7f9b3c000000 ---p 00000000 00:00 0 
7f9b3dc9c000-7f9b3dee3000 rw-p 00000000 00:00 0 
7f9b3dee3000-7f9b3e061000 rw-p 00000000 00:00 0 
7f9b3e061000-7f9b3e076000 rw-p 00000000 00:00 0 
7f9b3e076000-7f9b3e10c000 rw-p 00000000 00:00 0 
7f9b3e10c000-7f9b3e10d000 rw-p 00000000 00:00 0 
7f9b3e10d000-7f9b3e127000 r-xp 00000000 08:03 3159123                    /usr/lib/jvm/java-7-oracle/jre/lib/amd64/libzip.so
7f9b3e127000-7f9b3e327000 ---p 0001a000 08:03 3159123                    /usr/lib/jvm/java-7-oracle/jre/lib/amd64/libzip.so
7f9b3e327000-7f9b3e328000 rw-p 0001a000 08:03 3159123                    /usr/lib/jvm/java-7-oracle/jre/lib/amd64/libzip.so
7f9b3e328000-7f9b3e334000 r-xp 00000000 08:03 2491274                    /lib/x86_64-linux-gnu/libnss_files-2.15.so
7f9b3e334000-7f9b3e533000 ---p 0000c000 08:03 2491274                    /lib/x86_64-linux-gnu/libnss_files-2.15.so
7f9b3e533000-7f9b3e534000 r--p 0000b000 08:03 2491274                    /lib/x86_64-linux-gnu/libnss_files-2.15.so
7f9b3e534000-7f9b3e535000 rw-p 0000c000 08:03 2491274                    /lib/x86_64-linux-gnu/libnss_files-2.15.so
7f9b3e535000-7f9b3e53f000 r-xp 00000000 08:03 2491279                    /lib/x86_64-linux-gnu/libnss_nis-2.15.so
7f9b3e53f000-7f9b3e73f000 ---p 0000a000 08:03 2491279                    /lib/x86_64-linux-gnu/libnss_nis-2.15.so
7f9b3e73f000-7f9b3e740000 r--p 0000a000 08:03 2491279                    /lib/x86_64-linux-gnu/libnss_nis-2.15.so
7f9b3e740000-7f9b3e741000 rw-p 0000b000 08:03 2491279                    /lib/x86_64-linux-gnu/libnss_nis-2.15.so
7f9b3e741000-7f9b3e758000 r-xp 00000000 08:03 2494306                    /lib/x86_64-linux-gnu/libnsl-2.15.so
7f9b3e758000-7f9b3e957000 ---p 00017000 08:03 2494306                    /lib/x86_64-linux-gnu/libnsl-2.15.so
7f9b3e957000-7f9b3e958000 r--p 00016000 08:03 2494306                    /lib/x86_64-linux-gnu/libnsl-2.15.so
7f9b3e958000-7f9b3e959000 rw-p 00017000 08:03 2494306                    /lib/x86_64-linux-gnu/libnsl-2.15.so
7f9b3e959000-7f9b3e95b000 rw-p 00000000 00:00 0 
7f9b3e95b000-7f9b3e963000 r-xp 00000000 08:03 2491272                    /lib/x86_64-linux-gnu/libnss_compat-2.15.so
7f9b3e963000-7f9b3eb62000 ---p 00008000 08:03 2491272                    /lib/x86_64-linux-gnu/libnss_compat-2.15.so
7f9b3eb62000-7f9b3eb63000 r--p 00007000 08:03 2491272                    /lib/x86_64-linux-gnu/libnss_compat-2.15.so
7f9b3eb63000-7f9b3eb64000 rw-p 00008000 08:03 2491272                    /lib/x86_64-linux-gnu/libnss_compat-2.15.so
7f9b3eb64000-7f9b3eb8d000 r-xp 00000000 08:03 3159129                    /usr/lib/jvm/java-7-oracle/jre/lib/amd64/libjava.so
7f9b3eb8d000-7f9b3ed8d000 ---p 00029000 08:03 3159129                    /usr/lib/jvm/java-7-oracle/jre/lib/amd64/libjava.so
7f9b3ed8d000-7f9b3ed8f000 rw-p 00029000 08:03 3159129                    /usr/lib/jvm/java-7-oracle/jre/lib/amd64/libjava.so
7f9b3ed8f000-7f9b3ed9c000 r-xp 00000000 08:03 3159111                    /usr/lib/jvm/java-7-oracle/jre/lib/amd64/libverify.so
7f9b3ed9c000-7f9b3ef9b000 ---p 0000d000 08:03 3159111                    /usr/lib/jvm/java-7-oracle/jre/lib/amd64/libverify.so
7f9b3ef9b000-7f9b3ef9d000 rw-p 0000c000 08:03 3159111                    /usr/lib/jvm/java-7-oracle/jre/lib/amd64/libverify.so
7f9b3ef9d000-7f9b3efa4000 r-xp 00000000 08:03 2491277                    /lib/x86_64-linux-gnu/librt-2.15.so
7f9b3efa4000-7f9b3f1a3000 ---p 00007000 08:03 2491277                    /lib/x86_64-linux-gnu/librt-2.15.so
7f9b3f1a3000-7f9b3f1a4000 r--p 00006000 08:03 2491277                    /lib/x86_64-linux-gnu/librt-2.15.so
7f9b3f1a4000-7f9b3f1a5000 rw-p 00007000 08:03 2491277                    /lib/x86_64-linux-gnu/librt-2.15.so
7f9b3f1a5000-7f9b3f2a0000 r-xp 00000000 08:03 2491282                    /lib/x86_64-linux-gnu/libm-2.15.so
7f9b3f2a0000-7f9b3f49f000 ---p 000fb000 08:03 2491282                    /lib/x86_64-linux-gnu/libm-2.15.so
7f9b3f49f000-7f9b3f4a0000 r--p 000fa000 08:03 2491282                    /lib/x86_64-linux-gnu/libm-2.15.so
7f9b3f4a0000-7f9b3f4a1000 rw-p 000fb000 08:03 2491282                    /lib/x86_64-linux-gnu/libm-2.15.so
7f9b3f4a1000-7f9b40014000 r-xp 00000000 08:03 3809526                    /usr/lib/jvm/java-7-oracle/jre/lib/amd64/server/libjvm.so
7f9b40014000-7f9b40213000 ---p 00b73000 08:03 3809526                    /usr/lib/jvm/java-7-oracle/jre/lib/amd64/server/libjvm.so
7f9b40213000-7f9b402d7000 rw-p 00b72000 08:03 3809526                    /usr/lib/jvm/java-7-oracle/jre/lib/amd64/server/libjvm.so
7f9b402d7000-7f9b40318000 rw-p 00000000 00:00 0 
7f9b40318000-7f9b404cd000 r-xp 00000000 08:03 2491270                    /lib/x86_64-linux-gnu/libc-2.15.so
7f9b404cd000-7f9b406cc000 ---p 001b5000 08:03 2491270                    /lib/x86_64-linux-gnu/libc-2.15.so
7f9b406cc000-7f9b406d0000 r--p 001b4000 08:03 2491270                    /lib/x86_64-linux-gnu/libc-2.15.so
7f9b406d0000-7f9b406d2000 rw-p 001b8000 08:03 2491270                    /lib/x86_64-linux-gnu/libc-2.15.so
7f9b406d2000-7f9b406d7000 rw-p 00000000 00:00 0 
7f9b406d7000-7f9b406d9000 r-xp 00000000 08:03 2494301                    /lib/x86_64-linux-gnu/libdl-2.15.so
7f9b406d9000-7f9b408d9000 ---p 00002000 08:03 2494301                    /lib/x86_64-linux-gnu/libdl-2.15.so
7f9b408d9000-7f9b408da000 r--p 00002000 08:03 2494301                    /lib/x86_64-linux-gnu/libdl-2.15.so
7f9b408da000-7f9b408db000 rw-p 00003000 08:03 2494301                    /lib/x86_64-linux-gnu/libdl-2.15.so
7f9b408db000-7f9b408f1000 r-xp 00000000 08:03 3809522                    /usr/lib/jvm/java-7-oracle/jre/lib/amd64/jli/libjli.so
7f9b408f1000-7f9b40af1000 ---p 00016000 08:03 3809522                    /usr/lib/jvm/java-7-oracle/jre/lib/amd64/jli/libjli.so
7f9b40af1000-7f9b40af2000 rw-p 00016000 08:03 3809522                    /usr/lib/jvm/java-7-oracle/jre/lib/amd64/jli/libjli.so
7f9b40af2000-7f9b40b0a000 r-xp 00000000 08:03 2491280                    /lib/x86_64-linux-gnu/libpthread-2.15.so
7f9b40b0a000-7f9b40d09000 ---p 00018000 08:03 2491280                    /lib/x86_64-linux-gnu/libpthread-2.15.so
7f9b40d09000-7f9b40d0a000 r--p 00017000 08:03 2491280                    /lib/x86_64-linux-gnu/libpthread-2.15.so
7f9b40d0a000-7f9b40d0b000 rw-p 00018000 08:03 2491280                    /lib/x86_64-linux-gnu/libpthread-2.15.so
7f9b40d0b000-7f9b40d0f000 rw-p 00000000 00:00 0 
7f9b40d0f000-7f9b40d31000 r-xp 00000000 08:03 2491283                    /lib/x86_64-linux-gnu/ld-2.15.so
7f9b40d4e000-7f9b40d58000 rw-p 00000000 00:00 0 
7f9b40d58000-7f9b40e0e000 rw-p 00000000 00:00 0 
7f9b40e0e000-7f9b40e11000 ---p 00000000 00:00 0 
7f9b40e11000-7f9b40f13000 rw-p 00000000 00:00 0                          [stack:7172]
7f9b40f23000-7f9b40f25000 rw-p 00000000 00:00 0 
7f9b40f25000-7f9b40f2d000 rw-s 00000000 08:03 3158560                    /tmp/hsperfdata_james/7163
7f9b40f2d000-7f9b40f2e000 rw-p 00000000 00:00 0 
7f9b40f2e000-7f9b40f2f000 r--p 00000000 00:00 0 
7f9b40f2f000-7f9b40f31000 rw-p 00000000 00:00 0 
7f9b40f31000-7f9b40f32000 r--p 00022000 08:03 2491283                    /lib/x86_64-linux-gnu/ld-2.15.so
7f9b40f32000-7f9b40f34000 rw-p 00023000 08:03 2491283                    /lib/x86_64-linux-gnu/ld-2.15.so
7fff20ec7000-7fff20ee8000 rw-p 00000000 00:00 0                          [stack]
7fff20ffe000-7fff21000000 r-xp 00000000 00:00 0                          [vdso]
ffffffffff600000-ffffffffff601000 r-xp 00000000 00:00 0                  [vsyscall]

VM Arguments:
jvm_args: -Xmx1024M 
java_command: /opt/android-studio/sdk/build-tools/android-4.4W/lib/dx.jar --dex --num-threads=4 --output /home/james/AndroidStudioProjects/HatApp/Hat/app/build/intermediates/dex/debug /home/james/AndroidStudioProjects/HatApp/Hat/app/build/intermediates/classes/debug /home/james/AndroidStudioProjects/HatApp/Hat/app/build/intermediates/dependency-cache/debug
Launcher Type: SUN_STANDARD

Environment Variables:
CLASSPATH=/opt/android-studio/bin/../lib/bootstrap.jar:/opt/android-studio/bin/../lib/extensions.jar:/opt/android-studio/bin/../lib/util.jar:/opt/android-studio/bin/../lib/jdom.jar:/opt/android-studio/bin/../lib/log4j.jar:/opt/android-studio/bin/../lib/trove4j.jar:/opt/android-studio/bin/../lib/jna.jar:/usr/lib/jvm/java-7-oracle/lib/tools.jar
PATH=/usr/lib/lightdm/lightdm:/usr/local/sbin:/usr/local/bin:/usr/sbin:/usr/bin:/sbin:/bin:/usr/games
LD_LIBRARY_PATH=/opt/android-studio/bin:
SHELL=/bin/bash
DISPLAY=:0.0

Signal Handlers:
SIGSEGV: [libjvm.so+0x9a1a10], sa_mask[0]=0x7ffbfeff, sa_flags=0x10000004
SIGBUS: [libjvm.so+0x9a1a10], sa_mask[0]=0x7ffbfeff, sa_flags=0x10000004
SIGFPE: [libjvm.so+0x81bae0], sa_mask[0]=0x7ffbfeff, sa_flags=0x10000004
SIGPIPE: [libjvm.so+0x81bae0], sa_mask[0]=0x7ffbfeff, sa_flags=0x10000004
SIGXFSZ: [libjvm.so+0x81bae0], sa_mask[0]=0x7ffbfeff, sa_flags=0x10000004
SIGILL: [libjvm.so+0x81bae0], sa_mask[0]=0x7ffbfeff, sa_flags=0x10000004
SIGUSR1: SIG_DFL, sa_mask[0]=0x00000000, sa_flags=0x00000000
SIGUSR2: [libjvm.so+0x81d2e0], sa_mask[0]=0x00000004, sa_flags=0x10000004
SIGHUP: SIG_DFL, sa_mask[0]=0x00000000, sa_flags=0x00000000
SIGINT: SIG_DFL, sa_mask[0]=0x00000000, sa_flags=0x00000000
SIGTERM: SIG_DFL, sa_mask[0]=0x00000000, sa_flags=0x00000000
SIGQUIT: SIG_DFL, sa_mask[0]=0x00000000, sa_flags=0x00000000


---------------  S Y S T E M  ---------------

OS:wheezy/sid

uname:Linux 3.13.0-37-generic #64~precise1-Ubuntu SMP Wed Sep 24 21:37:11 UTC 2014 x86_64
libc:glibc 2.15 NPTL 2.15 
rlimit: STACK 8192k, CORE 0k, NPROC 63248, NOFILE 4096, AS infinity
load average:0.28 0.53 0.89

/proc/meminfo:
MemTotal:        8116836 kB
MemFree:          134200 kB
Buffers:            1508 kB
Cached:           147608 kB
SwapCached:            0 kB
Active:          7537604 kB
Inactive:         123532 kB
Active(anon):    7513660 kB
Inactive(anon):   103200 kB
Active(file):      23944 kB
Inactive(file):    20332 kB
Unevictable:         124 kB
Mlocked:             124 kB
SwapTotal:             0 kB
SwapFree:              0 kB
Dirty:               580 kB
Writeback:             0 kB
AnonPages:       7512576 kB
Mapped:           192348 kB
Shmem:            104260 kB
Slab:              66248 kB
SReclaimable:      22936 kB
SUnreclaim:        43312 kB
KernelStack:        7336 kB
PageTables:        75676 kB
NFS_Unstable:          0 kB
Bounce:                0 kB
WritebackTmp:          0 kB
CommitLimit:     4058416 kB
Committed_AS:   13967336 kB
VmallocTotal:   34359738367 kB
VmallocUsed:      119396 kB
VmallocChunk:   34359604732 kB
HardwareCorrupted:     0 kB
AnonHugePages:   3837952 kB
HugePages_Total:       0
HugePages_Free:        0
HugePages_Rsvd:        0
HugePages_Surp:        0
Hugepagesize:       2048 kB
DirectMap4k:      298804 kB
DirectMap2M:     8030208 kB


CPU:total 4 (2 cores per cpu, 2 threads per core) family 6 model 58 stepping 9, cmov, cx8, fxsr, mmx, sse, sse2, sse3, ssse3, sse4.1, sse4.2, popcnt, avx, aes, erms, ht, tsc, tscinvbit, tscinv

/proc/cpuinfo:
processor	: 0
vendor_id	: GenuineIntel
cpu family	: 6
model		: 58
model name	: Intel(R) Core(TM) i7-3540M CPU @ 3.00GHz
stepping	: 9
microcode	: 0x15
cpu MHz		: 3001.000
cache size	: 4096 KB
physical id	: 0
siblings	: 4
core id		: 0
cpu cores	: 2
apicid		: 0
initial apicid	: 0
fpu		: yes
fpu_exception	: yes
cpuid level	: 13
wp		: yes
flags		: fpu vme de pse tsc msr pae mce cx8 apic sep mtrr pge mca cmov pat pse36 clflush dts acpi mmx fxsr sse sse2 ss ht tm pbe syscall nx rdtscp lm constant_tsc arch_perfmon pebs bts rep_good nopl xtopology nonstop_tsc aperfmperf eagerfpu pni pclmulqdq dtes64 monitor ds_cpl vmx smx est tm2 ssse3 cx16 xtpr pdcm pcid sse4_1 sse4_2 x2apic popcnt tsc_deadline_timer aes xsave avx f16c rdrand lahf_lm ida arat epb xsaveopt pln pts dtherm tpr_shadow vnmi flexpriority ept vpid fsgsbase smep erms
bogomips	: 5980.71
clflush size	: 64
cache_alignment	: 64
address sizes	: 36 bits physical, 48 bits virtual
power management:

processor	: 1
vendor_id	: GenuineIntel
cpu family	: 6
model		: 58
model name	: Intel(R) Core(TM) i7-3540M CPU @ 3.00GHz
stepping	: 9
microcode	: 0x15
cpu MHz		: 3001.000
cache size	: 4096 KB
physical id	: 0
siblings	: 4
core id		: 1
cpu cores	: 2
apicid		: 2
initial apicid	: 2
fpu		: yes
fpu_exception	: yes
cpuid level	: 13
wp		: yes
flags		: fpu vme de pse tsc msr pae mce cx8 apic sep mtrr pge mca cmov pat pse36 clflush dts acpi mmx fxsr sse sse2 ss ht tm pbe syscall nx rdtscp lm constant_tsc arch_perfmon pebs bts rep_good nopl xtopology nonstop_tsc aperfmperf eagerfpu pni pclmulqdq dtes64 monitor ds_cpl vmx smx est tm2 ssse3 cx16 xtpr pdcm pcid sse4_1 sse4_2 x2apic popcnt tsc_deadline_timer aes xsave avx f16c rdrand lahf_lm ida arat epb xsaveopt pln pts dtherm tpr_shadow vnmi flexpriority ept vpid fsgsbase smep erms
bogomips	: 5980.71
clflush size	: 64
cache_alignment	: 64
address sizes	: 36 bits physical, 48 bits virtual
power management:

processor	: 2
vendor_id	: GenuineIntel
cpu family	: 6
model		: 58
model name	: Intel(R) Core(TM) i7-3540M CPU @ 3.00GHz
stepping	: 9
microcode	: 0x15
cpu MHz		: 1200.000
cache size	: 4096 KB
physical id	: 0
siblings	: 4
core id		: 0
cpu cores	: 2
apicid		: 1
initial apicid	: 1
fpu		: yes
fpu_exception	: yes
cpuid level	: 13
wp		: yes
flags		: fpu vme de pse tsc msr pae mce cx8 apic sep mtrr pge mca cmov pat pse36 clflush dts acpi mmx fxsr sse sse2 ss ht tm pbe syscall nx rdtscp lm constant_tsc arch_perfmon pebs bts rep_good nopl xtopology nonstop_tsc aperfmperf eagerfpu pni pclmulqdq dtes64 monitor ds_cpl vmx smx est tm2 ssse3 cx16 xtpr pdcm pcid sse4_1 sse4_2 x2apic popcnt tsc_deadline_timer aes xsave avx f16c rdrand lahf_lm ida arat epb xsaveopt pln pts dtherm tpr_shadow vnmi flexpriority ept vpid fsgsbase smep erms
bogomips	: 5980.71
clflush size	: 64
cache_alignment	: 64
address sizes	: 36 bits physical, 48 bits virtual
power management:

processor	: 3
vendor_id	: GenuineIntel
cpu family	: 6
model		: 58
model name	: Intel(R) Core(TM) i7-3540M CPU @ 3.00GHz
stepping	: 9
microcode	: 0x15
cpu MHz		: 1200.000
cache size	: 4096 KB
physical id	: 0
siblings	: 4
core id		: 1
cpu cores	: 2
apicid		: 3
initial apicid	: 3
fpu		: yes
fpu_exception	: yes
cpuid level	: 13
wp		: yes
flags		: fpu vme de pse tsc msr pae mce cx8 apic sep mtrr pge mca cmov pat pse36 clflush dts acpi mmx fxsr sse sse2 ss ht tm pbe syscall nx rdtscp lm constant_tsc arch_perfmon pebs bts rep_good nopl xtopology nonstop_tsc aperfmperf eagerfpu pni pclmulqdq dtes64 monitor ds_cpl vmx smx est tm2 ssse3 cx16 xtpr pdcm pcid sse4_1 sse4_2 x2apic popcnt tsc_deadline_timer aes xsave avx f16c rdrand lahf_lm ida arat epb xsaveopt pln pts dtherm tpr_shadow vnmi flexpriority ept vpid fsgsbase smep erms
bogomips	: 5980.71
clflush size	: 64
cache_alignment	: 64
address sizes	: 36 bits physical, 48 bits virtual
power management:



Memory: 4k page, physical 8116836k(134372k free), swap 0k(0k free)

vm_info: Java HotSpot(TM) 64-Bit Server VM (24.72-b04) for linux-amd64 JRE (1.7.0_72-b14), built on Sep 26 2014 18:20:41 by "java_re" with gcc 4.3.0 20080428 (Red Hat 4.3.0-8)

time: Wed Oct 22 17:33:26 2014
elapsed time: 0 seconds

